  Building Custom Rule C:/Users/VietVo/Downloads/dlib-19.8/dlib-19.8/dlib/CMakeLists.txt
  CMake does not need to re-run because C:/Users/VietVo/Downloads/dlib-19.8/dlib-19.8/build/CMakeFiles/generate.stamp is up-to-date.
  base64_kernel_1.cpp
  bigint_kernel_1.cpp
  bigint_kernel_2.cpp
  bit_stream_kernel_1.cpp
  entropy_decoder_kernel_1.cpp
  entropy_decoder_kernel_2.cpp
  entropy_encoder_kernel_1.cpp
  entropy_encoder_kernel_2.cpp
  md5_kernel_1.cpp
  tokenizer_kernel_1.cpp
  unicode.cpp
  image_dataset_metadata.cpp
  mnist.cpp
  global_function_search.cpp
  sockets_kernel_1.cpp
  bsp.cpp
  dir_nav_kernel_1.cpp
  dir_nav_kernel_2.cpp
  dir_nav_extensions.cpp
  linker_kernel_1.cpp
  Generating Code...
  Compiling...
  extra_logger_headers.cpp
  logger_kernel_1.cpp
  logger_config_file.cpp
  misc_api_kernel_1.cpp
  misc_api_kernel_2.cpp
  sockets_extensions.cpp
  sockets_kernel_2.cpp
  sockstreambuf.cpp
  sockstreambuf_unbuffered.cpp
  server_kernel.cpp
  server_iostream.cpp
  server_http.cpp
  multithreaded_object_extension.cpp
  threaded_object_extension.cpp
  threads_kernel_1.cpp
  threads_kernel_2.cpp
  threads_kernel_shared.cpp
  thread_pool_extension.cpp
  async.cpp
  timer.cpp
  Generating Code...
  Compiling...
  stack_trace.cpp
  cpu_dlib.cpp
  tensor_tools.cpp
  fonts.cpp
  widgets.cpp
  drawable.cpp
  canvas_drawing.cpp
  style.cpp
  base_widgets.cpp
  gui_core_kernel_1.cpp
  gui_core_kernel_2.cpp
  png_loader.cpp
  save_png.cpp
  jcomapi.cpp
  jdapimin.cpp
  jdapistd.cpp
  jdatasrc.cpp
  jdcoefct.cpp
  jdcolor.cpp
  jddctmgr.cpp
  Generating Code...
  Compiling...
  jdhuff.cpp
  jdinput.cpp
  jdmainct.cpp
  jdmarker.cpp
  jdmaster.cpp
  jdmerge.cpp
  jdphuff.cpp
  jdpostct.cpp
  jdsample.cpp
  jerror.cpp
  jidctflt.cpp
  jidctfst.cpp
  jidctint.cpp
  jidctred.cpp
  jmemmgr.cpp
  jmemnobs.cpp
  jquant1.cpp
  jquant2.cpp
  jutils.cpp
  jcapimin.cpp
  Generating Code...
  Compiling...
  jdatadst.cpp
  jcparam.cpp
  jcapistd.cpp
  jcmarker.cpp
  jcinit.cpp
  jcmaster.cpp
  jcdctmgr.cpp
  jccoefct.cpp
  jccolor.cpp
  jchuff.cpp
  jcmainct.cpp
  jcphuff.cpp
  jcprepct.cpp
  jcsample.cpp
  jfdctint.cpp
  jfdctflt.cpp
  jfdctfst.cpp
  jpeg_loader.cpp
  save_jpeg.cpp
  Generating Code...
  dlib.vcxproj -> C:\Users\VietVo\Downloads\dlib-19.8\dlib-19.8\build\Debug\dlib.lib
